0 info it worked if it ends with ok
1 verbose cli [ 'C:\\Program Files\\nodejs\\node.exe',
1 verbose cli   'C:\\Users\\Admin\\AppData\\Roaming\\npm\\node_modules\\npm\\bin\\npm-cli.js',
1 verbose cli   'install' ]
2 info using npm@3.10.8
3 info using node@v4.6.0
4 silly loadCurrentTree Starting
5 silly install loadCurrentTree
6 silly install readLocalPackageData
7 silly install normalizeTree
8 silly loadCurrentTree Finishing
9 silly loadIdealTree Starting
10 silly install loadIdealTree
11 silly cloneCurrentTree Starting
12 silly install cloneCurrentTreeToIdealTree
13 silly cloneCurrentTree Finishing
14 silly loadShrinkwrap Starting
15 silly install loadShrinkwrap
16 silly loadShrinkwrap Finishing
17 silly loadAllDepsIntoIdealTree Starting
18 silly install loadAllDepsIntoIdealTree
19 silly loadAllDepsIntoIdealTree Finishing
20 silly loadIdealTree Finishing
21 silly currentTree thinkster_django_angular_boilerplate@1.0.0
21 silly currentTree +-- bower@1.7.9
21 silly currentTree +-- gulp-ng-annotate@0.3.6
21 silly currentTree | +-- gulp-util@2.2.20
21 silly currentTree | | +-- chalk@0.5.1
21 silly currentTree | | | +-- ansi-styles@1.1.0
21 silly currentTree | | | +-- escape-string-regexp@1.0.5
21 silly currentTree | | | +-- has-ansi@0.1.0
21 silly currentTree | | | | `-- ansi-regex@0.2.1
21 silly currentTree | | | +-- strip-ansi@0.3.0
21 silly currentTree | | | | `-- ansi-regex@0.2.1
21 silly currentTree | | | `-- supports-color@0.2.0
21 silly currentTree | | +-- dateformat@1.0.12
21 silly currentTree | | | +-- get-stdin@4.0.1
21 silly currentTree | | | `-- meow@3.7.0
21 silly currentTree | | |   +-- camelcase-keys@2.1.0
21 silly currentTree | | |   | `-- camelcase@2.1.1
21 silly currentTree | | |   +-- decamelize@1.2.0
21 silly currentTree | | |   +-- loud-rejection@1.6.0
21 silly currentTree | | |   | +-- currently-unhandled@0.4.1
21 silly currentTree | | |   | | `-- array-find-index@1.0.2
21 silly currentTree | | |   | `-- signal-exit@3.0.1
21 silly currentTree | | |   +-- map-obj@1.0.1
21 silly currentTree | | |   +-- minimist@1.2.0
21 silly currentTree | | |   +-- normalize-package-data@2.3.5
21 silly currentTree | | |   | +-- hosted-git-info@2.1.5
21 silly currentTree | | |   | +-- is-builtin-module@1.0.0
21 silly currentTree | | |   | | `-- builtin-modules@1.1.1
21 silly currentTree | | |   | +-- semver@5.3.0
21 silly currentTree | | |   | `-- validate-npm-package-license@3.0.1
21 silly currentTree | | |   |   +-- spdx-correct@1.0.2
21 silly currentTree | | |   |   | `-- spdx-license-ids@1.2.2
21 silly currentTree | | |   |   `-- spdx-expression-parse@1.0.3
21 silly currentTree | | |   +-- object-assign@4.1.0
21 silly currentTree | | |   +-- read-pkg-up@1.0.1
21 silly currentTree | | |   | +-- find-up@1.1.2
21 silly currentTree | | |   | | +-- path-exists@2.1.0
21 silly currentTree | | |   | | `-- pinkie-promise@2.0.1
21 silly currentTree | | |   | |   `-- pinkie@2.0.4
21 silly currentTree | | |   | `-- read-pkg@1.1.0
21 silly currentTree | | |   |   +-- load-json-file@1.1.0
21 silly currentTree | | |   |   | +-- graceful-fs@4.1.9
21 silly currentTree | | |   |   | +-- parse-json@2.2.0
21 silly currentTree | | |   |   | | `-- error-ex@1.3.0
21 silly currentTree | | |   |   | |   `-- is-arrayish@0.2.1
21 silly currentTree | | |   |   | +-- pify@2.3.0
21 silly currentTree | | |   |   | +-- pinkie-promise@2.0.1
21 silly currentTree | | |   |   | | `-- pinkie@2.0.4
21 silly currentTree | | |   |   | `-- strip-bom@2.0.0
21 silly currentTree | | |   |   |   `-- is-utf8@0.2.1
21 silly currentTree | | |   |   `-- path-type@1.1.0
21 silly currentTree | | |   |     +-- graceful-fs@4.1.9
21 silly currentTree | | |   |     +-- pify@2.3.0
21 silly currentTree | | |   |     `-- pinkie-promise@2.0.1
21 silly currentTree | | |   |       `-- pinkie@2.0.4
21 silly currentTree | | |   +-- redent@1.0.0
21 silly currentTree | | |   | +-- indent-string@2.1.0
21 silly currentTree | | |   | | `-- repeating@2.0.1
21 silly currentTree | | |   | |   `-- is-finite@1.0.2
21 silly currentTree | | |   | |     `-- number-is-nan@1.0.1
21 silly currentTree | | |   | `-- strip-indent@1.0.1
21 silly currentTree | | |   `-- trim-newlines@1.0.0
21 silly currentTree | | +-- lodash._reinterpolate@2.4.1
21 silly currentTree | | +-- lodash.template@2.4.1
21 silly currentTree | | | +-- lodash._escapestringchar@2.4.1
21 silly currentTree | | | +-- lodash.defaults@2.4.1
21 silly currentTree | | | | `-- lodash._objecttypes@2.4.1
21 silly currentTree | | | +-- lodash.escape@2.4.1
21 silly currentTree | | | | +-- lodash._escapehtmlchar@2.4.1
21 silly currentTree | | | | | `-- lodash._htmlescapes@2.4.1
21 silly currentTree | | | | `-- lodash._reunescapedhtml@2.4.1
21 silly currentTree | | | |   `-- lodash._htmlescapes@2.4.1
21 silly currentTree | | | +-- lodash.keys@2.4.1
21 silly currentTree | | | | +-- lodash._isnative@2.4.1
21 silly currentTree | | | | +-- lodash._shimkeys@2.4.1
21 silly currentTree | | | | | `-- lodash._objecttypes@2.4.1
21 silly currentTree | | | | `-- lodash.isobject@2.4.1
21 silly currentTree | | | |   `-- lodash._objecttypes@2.4.1
21 silly currentTree | | | +-- lodash.templatesettings@2.4.1
21 silly currentTree | | | `-- lodash.values@2.4.1
21 silly currentTree | | +-- minimist@0.2.0
21 silly currentTree | | +-- multipipe@0.1.2
21 silly currentTree | | | `-- duplexer2@0.0.2
21 silly currentTree | | |   `-- readable-stream@1.1.14
21 silly currentTree | | |     +-- core-util-is@1.0.2
21 silly currentTree | | |     +-- inherits@2.0.3
21 silly currentTree | | |     +-- isarray@0.0.1
21 silly currentTree | | |     `-- string_decoder@0.10.31
21 silly currentTree | | +-- through2@0.5.1
21 silly currentTree | | | +-- readable-stream@1.0.34
21 silly currentTree | | | | +-- core-util-is@1.0.2
21 silly currentTree | | | | +-- inherits@2.0.3
21 silly currentTree | | | | +-- isarray@0.0.1
21 silly currentTree | | | | `-- string_decoder@0.10.31
21 silly currentTree | | | `-- xtend@3.0.0
21 silly currentTree | | `-- vinyl@0.2.3
21 silly currentTree | |   `-- clone-stats@0.0.1
21 silly currentTree | +-- merge@1.2.0
21 silly currentTree | +-- ng-annotate@0.13.0
21 silly currentTree | | +-- acorn@0.9.0
21 silly currentTree | | +-- alter@0.2.0
21 silly currentTree | | +-- convert-source-map@0.4.1
21 silly currentTree | | +-- esprima@1.2.5
21 silly currentTree | | +-- optimist@0.6.1
21 silly currentTree | | | +-- minimist@0.0.10
21 silly currentTree | | | `-- wordwrap@0.0.3
21 silly currentTree | | +-- ordered-ast-traverse@0.1.1
21 silly currentTree | | | `-- ordered-esprima-props@1.0.0
21 silly currentTree | | +-- simple-fmt@0.1.0
21 silly currentTree | | +-- simple-is@0.2.0
21 silly currentTree | | +-- source-map@0.1.43
21 silly currentTree | | | `-- amdefine@1.0.0
21 silly currentTree | | +-- stable@0.1.5
21 silly currentTree | | +-- stringmap@0.2.2
21 silly currentTree | | +-- stringset@0.2.1
21 silly currentTree | | `-- tryor@0.1.2
21 silly currentTree | +-- through2@0.4.2
21 silly currentTree | | +-- readable-stream@1.0.34
21 silly currentTree | | | +-- core-util-is@1.0.2
21 silly currentTree | | | +-- inherits@2.0.3
21 silly currentTree | | | +-- isarray@0.0.1
21 silly currentTree | | | `-- string_decoder@0.10.31
21 silly currentTree | | `-- xtend@2.1.2
21 silly currentTree | |   `-- object-keys@0.4.0
21 silly currentTree | `-- vinyl-sourcemaps-apply@0.1.4
21 silly currentTree |   `-- source-map@0.1.43
21 silly currentTree |     `-- amdefine@1.0.0
21 silly currentTree +-- gulp-uglify@1.5.4
21 silly currentTree | +-- deap@1.0.0
21 silly currentTree | +-- fancy-log@1.2.0
21 silly currentTree | | +-- chalk@1.1.3
21 silly currentTree | | | +-- ansi-styles@2.2.1
21 silly currentTree | | | +-- escape-string-regexp@1.0.5
21 silly currentTree | | | +-- has-ansi@2.0.0
21 silly currentTree | | | | `-- ansi-regex@2.0.0
21 silly currentTree | | | +-- strip-ansi@3.0.1
21 silly currentTree | | | | `-- ansi-regex@2.0.0
21 silly currentTree | | | `-- supports-color@2.0.0
21 silly currentTree | | `-- time-stamp@1.0.1
21 silly currentTree | +-- gulp-util@3.0.7
21 silly currentTree | | +-- array-differ@1.0.0
21 silly currentTree | | +-- array-uniq@1.0.3
21 silly currentTree | | +-- beeper@1.1.0
21 silly currentTree | | +-- chalk@1.1.3
21 silly currentTree | | | +-- ansi-styles@2.2.1
21 silly currentTree | | | +-- escape-string-regexp@1.0.5
21 silly currentTree | | | +-- has-ansi@2.0.0
21 silly currentTree | | | | `-- ansi-regex@2.0.0
21 silly currentTree | | | +-- strip-ansi@3.0.1
21 silly currentTree | | | | `-- ansi-regex@2.0.0
21 silly currentTree | | | `-- supports-color@2.0.0
21 silly currentTree | | +-- dateformat@1.0.12
21 silly currentTree | | | +-- get-stdin@4.0.1
21 silly currentTree | | | `-- meow@3.7.0
21 silly currentTree | | |   +-- camelcase-keys@2.1.0
21 silly currentTree | | |   | `-- camelcase@2.1.1
21 silly currentTree | | |   +-- decamelize@1.2.0
21 silly currentTree | | |   +-- loud-rejection@1.6.0
21 silly currentTree | | |   | +-- currently-unhandled@0.4.1
21 silly currentTree | | |   | | `-- array-find-index@1.0.2
21 silly currentTree | | |   | `-- signal-exit@3.0.1
21 silly currentTree | | |   +-- map-obj@1.0.1
21 silly currentTree | | |   +-- normalize-package-data@2.3.5
21 silly currentTree | | |   | +-- hosted-git-info@2.1.5
21 silly currentTree | | |   | +-- is-builtin-module@1.0.0
21 silly currentTree | | |   | | `-- builtin-modules@1.1.1
21 silly currentTree | | |   | +-- semver@5.3.0
21 silly currentTree | | |   | `-- validate-npm-package-license@3.0.1
21 silly currentTree | | |   |   +-- spdx-correct@1.0.2
21 silly currentTree | | |   |   | `-- spdx-license-ids@1.2.2
21 silly currentTree | | |   |   `-- spdx-expression-parse@1.0.3
21 silly currentTree | | |   +-- object-assign@4.1.0
21 silly currentTree | | |   +-- read-pkg-up@1.0.1
21 silly currentTree | | |   | +-- find-up@1.1.2
21 silly currentTree | | |   | | +-- path-exists@2.1.0
21 silly currentTree | | |   | | `-- pinkie-promise@2.0.1
21 silly currentTree | | |   | |   `-- pinkie@2.0.4
21 silly currentTree | | |   | `-- read-pkg@1.1.0
21 silly currentTree | | |   |   +-- load-json-file@1.1.0
21 silly currentTree | | |   |   | +-- graceful-fs@4.1.9
21 silly currentTree | | |   |   | +-- parse-json@2.2.0
21 silly currentTree | | |   |   | | `-- error-ex@1.3.0
21 silly currentTree | | |   |   | |   `-- is-arrayish@0.2.1
21 silly currentTree | | |   |   | +-- pify@2.3.0
21 silly currentTree | | |   |   | +-- pinkie-promise@2.0.1
21 silly currentTree | | |   |   | | `-- pinkie@2.0.4
21 silly currentTree | | |   |   | `-- strip-bom@2.0.0
21 silly currentTree | | |   |   |   `-- is-utf8@0.2.1
21 silly currentTree | | |   |   `-- path-type@1.1.0
21 silly currentTree | | |   |     +-- graceful-fs@4.1.9
21 silly currentTree | | |   |     +-- pify@2.3.0
21 silly currentTree | | |   |     `-- pinkie-promise@2.0.1
21 silly currentTree | | |   |       `-- pinkie@2.0.4
21 silly currentTree | | |   +-- redent@1.0.0
21 silly currentTree | | |   | +-- indent-string@2.1.0
21 silly currentTree | | |   | | `-- repeating@2.0.1
21 silly currentTree | | |   | |   `-- is-finite@1.0.2
21 silly currentTree | | |   | |     `-- number-is-nan@1.0.1
21 silly currentTree | | |   | `-- strip-indent@1.0.1
21 silly currentTree | | |   `-- trim-newlines@1.0.0
21 silly currentTree | | +-- gulplog@1.0.0
21 silly currentTree | | | `-- glogg@1.0.0
21 silly currentTree | | |   `-- sparkles@1.0.0
21 silly currentTree | | +-- has-gulplog@0.1.0
21 silly currentTree | | | `-- sparkles@1.0.0
21 silly currentTree | | +-- lodash._reescape@3.0.0
21 silly currentTree | | +-- lodash._reevaluate@3.0.0
21 silly currentTree | | +-- lodash._reinterpolate@3.0.0
21 silly currentTree | | +-- lodash.template@3.6.2
21 silly currentTree | | | +-- lodash._basecopy@3.0.1
21 silly currentTree | | | +-- lodash._basetostring@3.0.1
21 silly currentTree | | | +-- lodash._basevalues@3.0.0
21 silly currentTree | | | +-- lodash._isiterateecall@3.0.9
21 silly currentTree | | | +-- lodash.escape@3.2.0
21 silly currentTree | | | | `-- lodash._root@3.0.1
21 silly currentTree | | | +-- lodash.keys@3.1.2
21 silly currentTree | | | | +-- lodash._getnative@3.9.1
21 silly currentTree | | | | +-- lodash.isarguments@3.1.0
21 silly currentTree | | | | `-- lodash.isarray@3.0.4
21 silly currentTree | | | +-- lodash.restparam@3.6.1
21 silly currentTree | | | `-- lodash.templatesettings@3.1.1
21 silly currentTree | | +-- minimist@1.2.0
21 silly currentTree | | +-- multipipe@0.1.2
21 silly currentTree | | | `-- duplexer2@0.0.2
21 silly currentTree | | |   `-- readable-stream@1.1.14
21 silly currentTree | | |     +-- core-util-is@1.0.2
21 silly currentTree | | |     +-- inherits@2.0.3
21 silly currentTree | | |     +-- isarray@0.0.1
21 silly currentTree | | |     `-- string_decoder@0.10.31
21 silly currentTree | | +-- object-assign@3.0.0
21 silly currentTree | | +-- replace-ext@0.0.1
21 silly currentTree | | `-- vinyl@0.5.3
21 silly currentTree | |   +-- clone-stats@0.0.1
21 silly currentTree | |   `-- clone@1.0.2
21 silly currentTree | +-- isobject@2.1.0
21 silly currentTree | | `-- isarray@1.0.0
21 silly currentTree | +-- through2@2.0.1
21 silly currentTree | | +-- readable-stream@2.0.6
21 silly currentTree | | | +-- core-util-is@1.0.2
21 silly currentTree | | | +-- inherits@2.0.3
21 silly currentTree | | | +-- isarray@1.0.0
21 silly currentTree | | | +-- process-nextick-args@1.0.7
21 silly currentTree | | | +-- string_decoder@0.10.31
21 silly currentTree | | | `-- util-deprecate@1.0.2
21 silly currentTree | | `-- xtend@4.0.1
21 silly currentTree | +-- uglify-js@2.6.4
21 silly currentTree | | +-- async@0.2.10
21 silly currentTree | | +-- source-map@0.5.6
21 silly currentTree | | +-- uglify-to-browserify@1.0.2
21 silly currentTree | | `-- yargs@3.10.0
21 silly currentTree | |   +-- camelcase@1.2.1
21 silly currentTree | |   +-- cliui@2.1.0
21 silly currentTree | |   | +-- center-align@0.1.3
21 silly currentTree | |   | | +-- align-text@0.1.4
21 silly currentTree | |   | | | +-- kind-of@3.0.4
21 silly currentTree | |   | | | | `-- is-buffer@1.1.4
21 silly currentTree | |   | | | +-- longest@1.0.1
21 silly currentTree | |   | | | `-- repeat-string@1.5.4
21 silly currentTree | |   | | `-- lazy-cache@1.0.4
21 silly currentTree | |   | +-- right-align@0.1.3
21 silly currentTree | |   | | `-- align-text@0.1.4
21 silly currentTree | |   | |   +-- kind-of@3.0.4
21 silly currentTree | |   | |   | `-- is-buffer@1.1.4
21 silly currentTree | |   | |   +-- longest@1.0.1
21 silly currentTree | |   | |   `-- repeat-string@1.5.4
21 silly currentTree | |   | `-- wordwrap@0.0.2
21 silly currentTree | |   +-- decamelize@1.2.0
21 silly currentTree | |   `-- window-size@0.1.0
21 silly currentTree | +-- uglify-save-license@0.4.1
21 silly currentTree | `-- vinyl-sourcemaps-apply@0.2.1
21 silly currentTree |   `-- source-map@0.5.6
21 silly currentTree `-- gulp@3.9.1
21 silly currentTree   +-- archy@1.0.0
21 silly currentTree   +-- chalk@1.1.3
21 silly currentTree   | +-- ansi-styles@2.2.1
21 silly currentTree   | +-- escape-string-regexp@1.0.5
21 silly currentTree   | +-- has-ansi@2.0.0
21 silly currentTree   | | `-- ansi-regex@2.0.0
21 silly currentTree   | +-- strip-ansi@3.0.1
21 silly currentTree   | | `-- ansi-regex@2.0.0
21 silly currentTree   | `-- supports-color@2.0.0
21 silly currentTree   +-- deprecated@0.0.1
21 silly currentTree   +-- gulp-util@3.0.7
21 silly currentTree   | +-- array-differ@1.0.0
21 silly currentTree   | +-- array-uniq@1.0.3
21 silly currentTree   | +-- beeper@1.1.0
21 silly currentTree   | +-- dateformat@1.0.12
21 silly currentTree   | | +-- get-stdin@4.0.1
21 silly currentTree   | | `-- meow@3.7.0
21 silly currentTree   | |   +-- camelcase-keys@2.1.0
21 silly currentTree   | |   | `-- camelcase@2.1.1
21 silly currentTree   | |   +-- decamelize@1.2.0
21 silly currentTree   | |   +-- loud-rejection@1.6.0
21 silly currentTree   | |   | +-- currently-unhandled@0.4.1
21 silly currentTree   | |   | | `-- array-find-index@1.0.2
21 silly currentTree   | |   | `-- signal-exit@3.0.1
21 silly currentTree   | |   +-- map-obj@1.0.1
21 silly currentTree   | |   +-- normalize-package-data@2.3.5
21 silly currentTree   | |   | +-- hosted-git-info@2.1.5
21 silly currentTree   | |   | +-- is-builtin-module@1.0.0
21 silly currentTree   | |   | | `-- builtin-modules@1.1.1
21 silly currentTree   | |   | `-- validate-npm-package-license@3.0.1
21 silly currentTree   | |   |   +-- spdx-correct@1.0.2
21 silly currentTree   | |   |   | `-- spdx-license-ids@1.2.2
21 silly currentTree   | |   |   `-- spdx-expression-parse@1.0.3
21 silly currentTree   | |   +-- object-assign@4.1.0
21 silly currentTree   | |   +-- read-pkg-up@1.0.1
21 silly currentTree   | |   | +-- find-up@1.1.2
21 silly currentTree   | |   | | +-- path-exists@2.1.0
21 silly currentTree   | |   | | `-- pinkie-promise@2.0.1
21 silly currentTree   | |   | |   `-- pinkie@2.0.4
21 silly currentTree   | |   | `-- read-pkg@1.1.0
21 silly currentTree   | |   |   +-- load-json-file@1.1.0
21 silly currentTree   | |   |   | +-- graceful-fs@4.1.9
21 silly currentTree   | |   |   | +-- parse-json@2.2.0
21 silly currentTree   | |   |   | | `-- error-ex@1.3.0
21 silly currentTree   | |   |   | |   `-- is-arrayish@0.2.1
21 silly currentTree   | |   |   | +-- pify@2.3.0
21 silly currentTree   | |   |   | +-- pinkie-promise@2.0.1
21 silly currentTree   | |   |   | | `-- pinkie@2.0.4
21 silly currentTree   | |   |   | `-- strip-bom@2.0.0
21 silly currentTree   | |   |   |   `-- is-utf8@0.2.1
21 silly currentTree   | |   |   `-- path-type@1.1.0
21 silly currentTree   | |   |     +-- graceful-fs@4.1.9
21 silly currentTree   | |   |     +-- pify@2.3.0
21 silly currentTree   | |   |     `-- pinkie-promise@2.0.1
21 silly currentTree   | |   |       `-- pinkie@2.0.4
21 silly currentTree   | |   +-- redent@1.0.0
21 silly currentTree   | |   | +-- indent-string@2.1.0
21 silly currentTree   | |   | | `-- repeating@2.0.1
21 silly currentTree   | |   | |   `-- is-finite@1.0.2
21 silly currentTree   | |   | |     `-- number-is-nan@1.0.1
21 silly currentTree   | |   | `-- strip-indent@1.0.1
21 silly currentTree   | |   `-- trim-newlines@1.0.0
21 silly currentTree   | +-- fancy-log@1.2.0
21 silly currentTree   | | `-- time-stamp@1.0.1
21 silly currentTree   | +-- gulplog@1.0.0
21 silly currentTree   | | `-- glogg@1.0.0
21 silly currentTree   | |   `-- sparkles@1.0.0
21 silly currentTree   | +-- has-gulplog@0.1.0
21 silly currentTree   | | `-- sparkles@1.0.0
21 silly currentTree   | +-- lodash._reescape@3.0.0
21 silly currentTree   | +-- lodash._reevaluate@3.0.0
21 silly currentTree   | +-- lodash._reinterpolate@3.0.0
21 silly currentTree   | +-- lodash.template@3.6.2
21 silly currentTree   | | +-- lodash._basecopy@3.0.1
21 silly currentTree   | | +-- lodash._basetostring@3.0.1
21 silly currentTree   | | +-- lodash._basevalues@3.0.0
21 silly currentTree   | | +-- lodash._isiterateecall@3.0.9
21 silly currentTree   | | +-- lodash.escape@3.2.0
21 silly currentTree   | | | `-- lodash._root@3.0.1
21 silly currentTree   | | +-- lodash.keys@3.1.2
21 silly currentTree   | | | +-- lodash._getnative@3.9.1
21 silly currentTree   | | | +-- lodash.isarguments@3.1.0
21 silly currentTree   | | | `-- lodash.isarray@3.0.4
21 silly currentTree   | | +-- lodash.restparam@3.6.1
21 silly currentTree   | | `-- lodash.templatesettings@3.1.1
21 silly currentTree   | +-- multipipe@0.1.2
21 silly currentTree   | | `-- duplexer2@0.0.2
21 silly currentTree   | |   `-- readable-stream@1.1.14
21 silly currentTree   | |     +-- core-util-is@1.0.2
21 silly currentTree   | |     +-- inherits@2.0.3
21 silly currentTree   | |     +-- isarray@0.0.1
21 silly currentTree   | |     `-- string_decoder@0.10.31
21 silly currentTree   | +-- object-assign@3.0.0
21 silly currentTree   | +-- replace-ext@0.0.1
21 silly currentTree   | +-- through2@2.0.1
21 silly currentTree   | | +-- readable-stream@2.0.6
21 silly currentTree   | | | +-- core-util-is@1.0.2
21 silly currentTree   | | | +-- inherits@2.0.3
21 silly currentTree   | | | +-- isarray@1.0.0
21 silly currentTree   | | | +-- process-nextick-args@1.0.7
21 silly currentTree   | | | +-- string_decoder@0.10.31
21 silly currentTree   | | | `-- util-deprecate@1.0.2
21 silly currentTree   | | `-- xtend@4.0.1
21 silly currentTree   | `-- vinyl@0.5.3
21 silly currentTree   |   +-- clone-stats@0.0.1
21 silly currentTree   |   `-- clone@1.0.2
21 silly currentTree   +-- interpret@1.0.1
21 silly currentTree   +-- liftoff@2.3.0
21 silly currentTree   | +-- extend@3.0.0
21 silly currentTree   | +-- findup-sync@0.4.2
21 silly currentTree   | | +-- detect-file@0.1.0
21 silly currentTree   | | | `-- fs-exists-sync@0.1.0
21 silly currentTree   | | +-- is-glob@2.0.1
21 silly currentTree   | | | `-- is-extglob@1.0.0
21 silly currentTree   | | +-- micromatch@2.3.11
21 silly currentTree   | | | +-- arr-diff@2.0.0
21 silly currentTree   | | | | `-- arr-flatten@1.0.1
21 silly currentTree   | | | +-- array-unique@0.2.1
21 silly currentTree   | | | +-- braces@1.8.5
21 silly currentTree   | | | | +-- expand-range@1.8.2
21 silly currentTree   | | | | | `-- fill-range@2.2.3
21 silly currentTree   | | | | |   +-- is-number@2.1.0
21 silly currentTree   | | | | |   +-- isobject@2.1.0
21 silly currentTree   | | | | |   | `-- isarray@1.0.0
21 silly currentTree   | | | | |   +-- randomatic@1.1.5
21 silly currentTree   | | | | |   `-- repeat-string@1.5.4
21 silly currentTree   | | | | +-- preserve@0.2.0
21 silly currentTree   | | | | `-- repeat-element@1.1.2
21 silly currentTree   | | | +-- expand-brackets@0.1.5
21 silly currentTree   | | | | `-- is-posix-bracket@0.1.1
21 silly currentTree   | | | +-- extglob@0.3.2
21 silly currentTree   | | | +-- filename-regex@2.0.0
21 silly currentTree   | | | +-- is-extglob@1.0.0
21 silly currentTree   | | | +-- kind-of@3.0.4
21 silly currentTree   | | | | `-- is-buffer@1.1.4
21 silly currentTree   | | | +-- normalize-path@2.0.1
21 silly currentTree   | | | +-- object.omit@2.0.0
21 silly currentTree   | | | | +-- for-own@0.1.4
21 silly currentTree   | | | | | `-- for-in@0.1.6
21 silly currentTree   | | | | `-- is-extendable@0.1.1
21 silly currentTree   | | | +-- parse-glob@3.0.4
21 silly currentTree   | | | | +-- glob-base@0.3.0
21 silly currentTree   | | | | | `-- glob-parent@2.0.0
21 silly currentTree   | | | | `-- is-dotfile@1.0.2
21 silly currentTree   | | | `-- regex-cache@0.4.3
21 silly currentTree   | | |   +-- is-equal-shallow@0.1.3
21 silly currentTree   | | |   `-- is-primitive@2.0.0
21 silly currentTree   | | `-- resolve-dir@0.1.1
21 silly currentTree   | |   +-- expand-tilde@1.2.2
21 silly currentTree   | |   | `-- os-homedir@1.0.2
21 silly currentTree   | |   `-- global-modules@0.2.3
21 silly currentTree   | |     +-- global-prefix@0.1.4
21 silly currentTree   | |     | +-- ini@1.3.4
21 silly currentTree   | |     | +-- osenv@0.1.3
21 silly currentTree   | |     | | +-- os-homedir@1.0.2
21 silly currentTree   | |     | | `-- os-tmpdir@1.0.2
21 silly currentTree   | |     | `-- which@1.2.11
21 silly currentTree   | |     |   `-- isexe@1.1.2
21 silly currentTree   | |     `-- is-windows@0.2.0
21 silly currentTree   | +-- fined@1.0.1
21 silly currentTree   | | +-- expand-tilde@1.2.2
21 silly currentTree   | | | `-- os-homedir@1.0.2
21 silly currentTree   | | +-- lodash.assignwith@4.2.0
21 silly currentTree   | | +-- lodash.isarray@4.0.0
21 silly currentTree   | | +-- lodash.isempty@4.4.0
21 silly currentTree   | | +-- lodash.pick@4.4.0
21 silly currentTree   | | `-- parse-filepath@1.0.1
21 silly currentTree   | |   +-- is-absolute@0.2.5
21 silly currentTree   | |   | +-- is-relative@0.2.1
21 silly currentTree   | |   | | `-- is-unc-path@0.1.1
21 silly currentTree   | |   | |   `-- unc-path-regex@0.1.2
21 silly currentTree   | |   | `-- is-windows@0.1.1
21 silly currentTree   | |   +-- map-cache@0.2.2
21 silly currentTree   | |   `-- path-root@0.1.1
21 silly currentTree   | |     `-- path-root-regex@0.1.2
21 silly currentTree   | +-- flagged-respawn@0.3.2
21 silly currentTree   | +-- lodash.isplainobject@4.0.6
21 silly currentTree   | +-- lodash.isstring@4.0.1
21 silly currentTree   | +-- lodash.mapvalues@4.6.0
21 silly currentTree   | +-- rechoir@0.6.2
21 silly currentTree   | `-- resolve@1.1.7
21 silly currentTree   +-- minimist@1.2.0
21 silly currentTree   +-- orchestrator@0.3.7
21 silly currentTree   | +-- end-of-stream@0.1.5
21 silly currentTree   | | `-- once@1.3.3
21 silly currentTree   | |   `-- wrappy@1.0.2
21 silly currentTree   | +-- sequencify@0.0.7
21 silly currentTree   | `-- stream-consume@0.1.0
21 silly currentTree   +-- pretty-hrtime@1.0.2
21 silly currentTree   +-- semver@4.3.6
21 silly currentTree   +-- tildify@1.2.0
21 silly currentTree   | `-- os-homedir@1.0.2
21 silly currentTree   +-- v8flags@2.0.11
21 silly currentTree   | `-- user-home@1.1.1
21 silly currentTree   `-- vinyl-fs@0.3.14
21 silly currentTree     +-- defaults@1.0.3
21 silly currentTree     | `-- clone@1.0.2
21 silly currentTree     +-- glob-stream@3.1.18
21 silly currentTree     | +-- glob@4.5.3
21 silly currentTree     | | +-- inflight@1.0.5
21 silly currentTree     | | | `-- wrappy@1.0.2
21 silly currentTree     | | +-- inherits@2.0.3
21 silly currentTree     | | `-- once@1.4.0
21 silly currentTree     | |   `-- wrappy@1.0.2
21 silly currentTree     | +-- glob2base@0.0.12
21 silly currentTree     | | `-- find-index@0.1.1
21 silly currentTree     | +-- minimatch@2.0.10
21 silly currentTree     | | `-- brace-expansion@1.1.6
21 silly currentTree     | |   +-- balanced-match@0.4.2
21 silly currentTree     | |   `-- concat-map@0.0.1
21 silly currentTree     | +-- ordered-read-streams@0.1.0
21 silly currentTree     | `-- unique-stream@1.0.0
21 silly currentTree     +-- glob-watcher@0.0.6
21 silly currentTree     | `-- gaze@0.5.2
21 silly currentTree     |   `-- globule@0.1.0
21 silly currentTree     |     +-- glob@3.1.21
21 silly currentTree     |     | +-- graceful-fs@1.2.3
21 silly currentTree     |     | `-- inherits@1.0.2
21 silly currentTree     |     +-- lodash@1.0.2
21 silly currentTree     |     `-- minimatch@0.2.14
21 silly currentTree     |       +-- lru-cache@2.7.3
21 silly currentTree     |       `-- sigmund@1.0.1
21 silly currentTree     +-- graceful-fs@3.0.11
21 silly currentTree     | `-- natives@1.1.0
21 silly currentTree     +-- mkdirp@0.5.1
21 silly currentTree     | `-- minimist@0.0.8
21 silly currentTree     +-- strip-bom@1.0.0
21 silly currentTree     | +-- first-chunk-stream@1.0.0
21 silly currentTree     | `-- is-utf8@0.2.1
21 silly currentTree     +-- through2@0.6.5
21 silly currentTree     | +-- readable-stream@1.0.34
21 silly currentTree     | | +-- core-util-is@1.0.2
21 silly currentTree     | | +-- inherits@2.0.3
21 silly currentTree     | | +-- isarray@0.0.1
21 silly currentTree     | | `-- string_decoder@0.10.31
21 silly currentTree     | `-- xtend@4.0.1
21 silly currentTree     `-- vinyl@0.4.6
21 silly currentTree       +-- clone-stats@0.0.1
21 silly currentTree       `-- clone@0.2.0
22 silly idealTree thinkster_django_angular_boilerplate@1.0.0
22 silly idealTree +-- bower@1.7.9
22 silly idealTree +-- gulp-ng-annotate@0.3.6
22 silly idealTree | +-- gulp-util@2.2.20
22 silly idealTree | | +-- chalk@0.5.1
22 silly idealTree | | | +-- ansi-styles@1.1.0
22 silly idealTree | | | +-- escape-string-regexp@1.0.5
22 silly idealTree | | | +-- has-ansi@0.1.0
22 silly idealTree | | | | `-- ansi-regex@0.2.1
22 silly idealTree | | | +-- strip-ansi@0.3.0
22 silly idealTree | | | | `-- ansi-regex@0.2.1
22 silly idealTree | | | `-- supports-color@0.2.0
22 silly idealTree | | +-- dateformat@1.0.12
22 silly idealTree | | | +-- get-stdin@4.0.1
22 silly idealTree | | | `-- meow@3.7.0
22 silly idealTree | | |   +-- camelcase-keys@2.1.0
22 silly idealTree | | |   | `-- camelcase@2.1.1
22 silly idealTree | | |   +-- decamelize@1.2.0
22 silly idealTree | | |   +-- loud-rejection@1.6.0
22 silly idealTree | | |   | +-- currently-unhandled@0.4.1
22 silly idealTree | | |   | | `-- array-find-index@1.0.2
22 silly idealTree | | |   | `-- signal-exit@3.0.1
22 silly idealTree | | |   +-- map-obj@1.0.1
22 silly idealTree | | |   +-- minimist@1.2.0
22 silly idealTree | | |   +-- normalize-package-data@2.3.5
22 silly idealTree | | |   | +-- hosted-git-info@2.1.5
22 silly idealTree | | |   | +-- is-builtin-module@1.0.0
22 silly idealTree | | |   | | `-- builtin-modules@1.1.1
22 silly idealTree | | |   | +-- semver@5.3.0
22 silly idealTree | | |   | `-- validate-npm-package-license@3.0.1
22 silly idealTree | | |   |   +-- spdx-correct@1.0.2
22 silly idealTree | | |   |   | `-- spdx-license-ids@1.2.2
22 silly idealTree | | |   |   `-- spdx-expression-parse@1.0.3
22 silly idealTree | | |   +-- object-assign@4.1.0
22 silly idealTree | | |   +-- read-pkg-up@1.0.1
22 silly idealTree | | |   | +-- find-up@1.1.2
22 silly idealTree | | |   | | +-- path-exists@2.1.0
22 silly idealTree | | |   | | `-- pinkie-promise@2.0.1
22 silly idealTree | | |   | |   `-- pinkie@2.0.4
22 silly idealTree | | |   | `-- read-pkg@1.1.0
22 silly idealTree | | |   |   +-- load-json-file@1.1.0
22 silly idealTree | | |   |   | +-- graceful-fs@4.1.9
22 silly idealTree | | |   |   | +-- parse-json@2.2.0
22 silly idealTree | | |   |   | | `-- error-ex@1.3.0
22 silly idealTree | | |   |   | |   `-- is-arrayish@0.2.1
22 silly idealTree | | |   |   | +-- pify@2.3.0
22 silly idealTree | | |   |   | +-- pinkie-promise@2.0.1
22 silly idealTree | | |   |   | | `-- pinkie@2.0.4
22 silly idealTree | | |   |   | `-- strip-bom@2.0.0
22 silly idealTree | | |   |   |   `-- is-utf8@0.2.1
22 silly idealTree | | |   |   `-- path-type@1.1.0
22 silly idealTree | | |   |     +-- graceful-fs@4.1.9
22 silly idealTree | | |   |     +-- pify@2.3.0
22 silly idealTree | | |   |     `-- pinkie-promise@2.0.1
22 silly idealTree | | |   |       `-- pinkie@2.0.4
22 silly idealTree | | |   +-- redent@1.0.0
22 silly idealTree | | |   | +-- indent-string@2.1.0
22 silly idealTree | | |   | | `-- repeating@2.0.1
22 silly idealTree | | |   | |   `-- is-finite@1.0.2
22 silly idealTree | | |   | |     `-- number-is-nan@1.0.1
22 silly idealTree | | |   | `-- strip-indent@1.0.1
22 silly idealTree | | |   `-- trim-newlines@1.0.0
22 silly idealTree | | +-- lodash._reinterpolate@2.4.1
22 silly idealTree | | +-- lodash.template@2.4.1
22 silly idealTree | | | +-- lodash._escapestringchar@2.4.1
22 silly idealTree | | | +-- lodash.defaults@2.4.1
22 silly idealTree | | | | `-- lodash._objecttypes@2.4.1
22 silly idealTree | | | +-- lodash.escape@2.4.1
22 silly idealTree | | | | +-- lodash._escapehtmlchar@2.4.1
22 silly idealTree | | | | | `-- lodash._htmlescapes@2.4.1
22 silly idealTree | | | | `-- lodash._reunescapedhtml@2.4.1
22 silly idealTree | | | |   `-- lodash._htmlescapes@2.4.1
22 silly idealTree | | | +-- lodash.keys@2.4.1
22 silly idealTree | | | | +-- lodash._isnative@2.4.1
22 silly idealTree | | | | +-- lodash._shimkeys@2.4.1
22 silly idealTree | | | | | `-- lodash._objecttypes@2.4.1
22 silly idealTree | | | | `-- lodash.isobject@2.4.1
22 silly idealTree | | | |   `-- lodash._objecttypes@2.4.1
22 silly idealTree | | | +-- lodash.templatesettings@2.4.1
22 silly idealTree | | | `-- lodash.values@2.4.1
22 silly idealTree | | +-- minimist@0.2.0
22 silly idealTree | | +-- multipipe@0.1.2
22 silly idealTree | | | `-- duplexer2@0.0.2
22 silly idealTree | | |   `-- readable-stream@1.1.14
22 silly idealTree | | |     +-- core-util-is@1.0.2
22 silly idealTree | | |     +-- inherits@2.0.3
22 silly idealTree | | |     +-- isarray@0.0.1
22 silly idealTree | | |     `-- string_decoder@0.10.31
22 silly idealTree | | +-- through2@0.5.1
22 silly idealTree | | | +-- readable-stream@1.0.34
22 silly idealTree | | | | +-- core-util-is@1.0.2
22 silly idealTree | | | | +-- inherits@2.0.3
22 silly idealTree | | | | +-- isarray@0.0.1
22 silly idealTree | | | | `-- string_decoder@0.10.31
22 silly idealTree | | | `-- xtend@3.0.0
22 silly idealTree | | `-- vinyl@0.2.3
22 silly idealTree | |   `-- clone-stats@0.0.1
22 silly idealTree | +-- merge@1.2.0
22 silly idealTree | +-- ng-annotate@0.13.0
22 silly idealTree | | +-- acorn@0.9.0
22 silly idealTree | | +-- alter@0.2.0
22 silly idealTree | | +-- convert-source-map@0.4.1
22 silly idealTree | | +-- esprima@1.2.5
22 silly idealTree | | +-- optimist@0.6.1
22 silly idealTree | | | +-- minimist@0.0.10
22 silly idealTree | | | `-- wordwrap@0.0.3
22 silly idealTree | | +-- ordered-ast-traverse@0.1.1
22 silly idealTree | | | `-- ordered-esprima-props@1.0.0
22 silly idealTree | | +-- simple-fmt@0.1.0
22 silly idealTree | | +-- simple-is@0.2.0
22 silly idealTree | | +-- source-map@0.1.43
22 silly idealTree | | | `-- amdefine@1.0.0
22 silly idealTree | | +-- stable@0.1.5
22 silly idealTree | | +-- stringmap@0.2.2
22 silly idealTree | | +-- stringset@0.2.1
22 silly idealTree | | `-- tryor@0.1.2
22 silly idealTree | +-- through2@0.4.2
22 silly idealTree | | +-- readable-stream@1.0.34
22 silly idealTree | | | +-- core-util-is@1.0.2
22 silly idealTree | | | +-- inherits@2.0.3
22 silly idealTree | | | +-- isarray@0.0.1
22 silly idealTree | | | `-- string_decoder@0.10.31
22 silly idealTree | | `-- xtend@2.1.2
22 silly idealTree | |   `-- object-keys@0.4.0
22 silly idealTree | `-- vinyl-sourcemaps-apply@0.1.4
22 silly idealTree |   `-- source-map@0.1.43
22 silly idealTree |     `-- amdefine@1.0.0
22 silly idealTree +-- gulp-uglify@1.5.4
22 silly idealTree | +-- deap@1.0.0
22 silly idealTree | +-- fancy-log@1.2.0
22 silly idealTree | | +-- chalk@1.1.3
22 silly idealTree | | | +-- ansi-styles@2.2.1
22 silly idealTree | | | +-- escape-string-regexp@1.0.5
22 silly idealTree | | | +-- has-ansi@2.0.0
22 silly idealTree | | | | `-- ansi-regex@2.0.0
22 silly idealTree | | | +-- strip-ansi@3.0.1
22 silly idealTree | | | | `-- ansi-regex@2.0.0
22 silly idealTree | | | `-- supports-color@2.0.0
22 silly idealTree | | `-- time-stamp@1.0.1
22 silly idealTree | +-- gulp-util@3.0.7
22 silly idealTree | | +-- array-differ@1.0.0
22 silly idealTree | | +-- array-uniq@1.0.3
22 silly idealTree | | +-- beeper@1.1.0
22 silly idealTree | | +-- chalk@1.1.3
22 silly idealTree | | | +-- ansi-styles@2.2.1
22 silly idealTree | | | +-- escape-string-regexp@1.0.5
22 silly idealTree | | | +-- has-ansi@2.0.0
22 silly idealTree | | | | `-- ansi-regex@2.0.0
22 silly idealTree | | | +-- strip-ansi@3.0.1
22 silly idealTree | | | | `-- ansi-regex@2.0.0
22 silly idealTree | | | `-- supports-color@2.0.0
22 silly idealTree | | +-- dateformat@1.0.12
22 silly idealTree | | | +-- get-stdin@4.0.1
22 silly idealTree | | | `-- meow@3.7.0
22 silly idealTree | | |   +-- camelcase-keys@2.1.0
22 silly idealTree | | |   | `-- camelcase@2.1.1
22 silly idealTree | | |   +-- decamelize@1.2.0
22 silly idealTree | | |   +-- loud-rejection@1.6.0
22 silly idealTree | | |   | +-- currently-unhandled@0.4.1
22 silly idealTree | | |   | | `-- array-find-index@1.0.2
22 silly idealTree | | |   | `-- signal-exit@3.0.1
22 silly idealTree | | |   +-- map-obj@1.0.1
22 silly idealTree | | |   +-- normalize-package-data@2.3.5
22 silly idealTree | | |   | +-- hosted-git-info@2.1.5
22 silly idealTree | | |   | +-- is-builtin-module@1.0.0
22 silly idealTree | | |   | | `-- builtin-modules@1.1.1
22 silly idealTree | | |   | +-- semver@5.3.0
22 silly idealTree | | |   | `-- validate-npm-package-license@3.0.1
22 silly idealTree | | |   |   +-- spdx-correct@1.0.2
22 silly idealTree | | |   |   | `-- spdx-license-ids@1.2.2
22 silly idealTree | | |   |   `-- spdx-expression-parse@1.0.3
22 silly idealTree | | |   +-- object-assign@4.1.0
22 silly idealTree | | |   +-- read-pkg-up@1.0.1
22 silly idealTree | | |   | +-- find-up@1.1.2
22 silly idealTree | | |   | | +-- path-exists@2.1.0
22 silly idealTree | | |   | | `-- pinkie-promise@2.0.1
22 silly idealTree | | |   | |   `-- pinkie@2.0.4
22 silly idealTree | | |   | `-- read-pkg@1.1.0
22 silly idealTree | | |   |   +-- load-json-file@1.1.0
22 silly idealTree | | |   |   | +-- graceful-fs@4.1.9
22 silly idealTree | | |   |   | +-- parse-json@2.2.0
22 silly idealTree | | |   |   | | `-- error-ex@1.3.0
22 silly idealTree | | |   |   | |   `-- is-arrayish@0.2.1
22 silly idealTree | | |   |   | +-- pify@2.3.0
22 silly idealTree | | |   |   | +-- pinkie-promise@2.0.1
22 silly idealTree | | |   |   | | `-- pinkie@2.0.4
22 silly idealTree | | |   |   | `-- strip-bom@2.0.0
22 silly idealTree | | |   |   |   `-- is-utf8@0.2.1
22 silly idealTree | | |   |   `-- path-type@1.1.0
22 silly idealTree | | |   |     +-- graceful-fs@4.1.9
22 silly idealTree | | |   |     +-- pify@2.3.0
22 silly idealTree | | |   |     `-- pinkie-promise@2.0.1
22 silly idealTree | | |   |       `-- pinkie@2.0.4
22 silly idealTree | | |   +-- redent@1.0.0
22 silly idealTree | | |   | +-- indent-string@2.1.0
22 silly idealTree | | |   | | `-- repeating@2.0.1
22 silly idealTree | | |   | |   `-- is-finite@1.0.2
22 silly idealTree | | |   | |     `-- number-is-nan@1.0.1
22 silly idealTree | | |   | `-- strip-indent@1.0.1
22 silly idealTree | | |   `-- trim-newlines@1.0.0
22 silly idealTree | | +-- gulplog@1.0.0
22 silly idealTree | | | `-- glogg@1.0.0
22 silly idealTree | | |   `-- sparkles@1.0.0
22 silly idealTree | | +-- has-gulplog@0.1.0
22 silly idealTree | | | `-- sparkles@1.0.0
22 silly idealTree | | +-- lodash._reescape@3.0.0
22 silly idealTree | | +-- lodash._reevaluate@3.0.0
22 silly idealTree | | +-- lodash._reinterpolate@3.0.0
22 silly idealTree | | +-- lodash.template@3.6.2
22 silly idealTree | | | +-- lodash._basecopy@3.0.1
22 silly idealTree | | | +-- lodash._basetostring@3.0.1
22 silly idealTree | | | +-- lodash._basevalues@3.0.0
22 silly idealTree | | | +-- lodash._isiterateecall@3.0.9
22 silly idealTree | | | +-- lodash.escape@3.2.0
22 silly idealTree | | | | `-- lodash._root@3.0.1
22 silly idealTree | | | +-- lodash.keys@3.1.2
22 silly idealTree | | | | +-- lodash._getnative@3.9.1
22 silly idealTree | | | | +-- lodash.isarguments@3.1.0
22 silly idealTree | | | | `-- lodash.isarray@3.0.4
22 silly idealTree | | | +-- lodash.restparam@3.6.1
22 silly idealTree | | | `-- lodash.templatesettings@3.1.1
22 silly idealTree | | +-- minimist@1.2.0
22 silly idealTree | | +-- multipipe@0.1.2
22 silly idealTree | | | `-- duplexer2@0.0.2
22 silly idealTree | | |   `-- readable-stream@1.1.14
22 silly idealTree | | |     +-- core-util-is@1.0.2
22 silly idealTree | | |     +-- inherits@2.0.3
22 silly idealTree | | |     +-- isarray@0.0.1
22 silly idealTree | | |     `-- string_decoder@0.10.31
22 silly idealTree | | +-- object-assign@3.0.0
22 silly idealTree | | +-- replace-ext@0.0.1
22 silly idealTree | | `-- vinyl@0.5.3
22 silly idealTree | |   +-- clone-stats@0.0.1
22 silly idealTree | |   `-- clone@1.0.2
22 silly idealTree | +-- isobject@2.1.0
22 silly idealTree | | `-- isarray@1.0.0
22 silly idealTree | +-- through2@2.0.1
22 silly idealTree | | +-- readable-stream@2.0.6
22 silly idealTree | | | +-- core-util-is@1.0.2
22 silly idealTree | | | +-- inherits@2.0.3
22 silly idealTree | | | +-- isarray@1.0.0
22 silly idealTree | | | +-- process-nextick-args@1.0.7
22 silly idealTree | | | +-- string_decoder@0.10.31
22 silly idealTree | | | `-- util-deprecate@1.0.2
22 silly idealTree | | `-- xtend@4.0.1
22 silly idealTree | +-- uglify-js@2.6.4
22 silly idealTree | | +-- async@0.2.10
22 silly idealTree | | +-- source-map@0.5.6
22 silly idealTree | | +-- uglify-to-browserify@1.0.2
22 silly idealTree | | `-- yargs@3.10.0
22 silly idealTree | |   +-- camelcase@1.2.1
22 silly idealTree | |   +-- cliui@2.1.0
22 silly idealTree | |   | +-- center-align@0.1.3
22 silly idealTree | |   | | +-- align-text@0.1.4
22 silly idealTree | |   | | | +-- kind-of@3.0.4
22 silly idealTree | |   | | | | `-- is-buffer@1.1.4
22 silly idealTree | |   | | | +-- longest@1.0.1
22 silly idealTree | |   | | | `-- repeat-string@1.5.4
22 silly idealTree | |   | | `-- lazy-cache@1.0.4
22 silly idealTree | |   | +-- right-align@0.1.3
22 silly idealTree | |   | | `-- align-text@0.1.4
22 silly idealTree | |   | |   +-- kind-of@3.0.4
22 silly idealTree | |   | |   | `-- is-buffer@1.1.4
22 silly idealTree | |   | |   +-- longest@1.0.1
22 silly idealTree | |   | |   `-- repeat-string@1.5.4
22 silly idealTree | |   | `-- wordwrap@0.0.2
22 silly idealTree | |   +-- decamelize@1.2.0
22 silly idealTree | |   `-- window-size@0.1.0
22 silly idealTree | +-- uglify-save-license@0.4.1
22 silly idealTree | `-- vinyl-sourcemaps-apply@0.2.1
22 silly idealTree |   `-- source-map@0.5.6
22 silly idealTree `-- gulp@3.9.1
22 silly idealTree   +-- archy@1.0.0
22 silly idealTree   +-- chalk@1.1.3
22 silly idealTree   | +-- ansi-styles@2.2.1
22 silly idealTree   | +-- escape-string-regexp@1.0.5
22 silly idealTree   | +-- has-ansi@2.0.0
22 silly idealTree   | | `-- ansi-regex@2.0.0
22 silly idealTree   | +-- strip-ansi@3.0.1
22 silly idealTree   | | `-- ansi-regex@2.0.0
22 silly idealTree   | `-- supports-color@2.0.0
22 silly idealTree   +-- deprecated@0.0.1
22 silly idealTree   +-- gulp-util@3.0.7
22 silly idealTree   | +-- array-differ@1.0.0
22 silly idealTree   | +-- array-uniq@1.0.3
22 silly idealTree   | +-- beeper@1.1.0
22 silly idealTree   | +-- dateformat@1.0.12
22 silly idealTree   | | +-- get-stdin@4.0.1
22 silly idealTree   | | `-- meow@3.7.0
22 silly idealTree   | |   +-- camelcase-keys@2.1.0
22 silly idealTree   | |   | `-- camelcase@2.1.1
22 silly idealTree   | |   +-- decamelize@1.2.0
22 silly idealTree   | |   +-- loud-rejection@1.6.0
22 silly idealTree   | |   | +-- currently-unhandled@0.4.1
22 silly idealTree   | |   | | `-- array-find-index@1.0.2
22 silly idealTree   | |   | `-- signal-exit@3.0.1
22 silly idealTree   | |   +-- map-obj@1.0.1
22 silly idealTree   | |   +-- normalize-package-data@2.3.5
22 silly idealTree   | |   | +-- hosted-git-info@2.1.5
22 silly idealTree   | |   | +-- is-builtin-module@1.0.0
22 silly idealTree   | |   | | `-- builtin-modules@1.1.1
22 silly idealTree   | |   | `-- validate-npm-package-license@3.0.1
22 silly idealTree   | |   |   +-- spdx-correct@1.0.2
22 silly idealTree   | |   |   | `-- spdx-license-ids@1.2.2
22 silly idealTree   | |   |   `-- spdx-expression-parse@1.0.3
22 silly idealTree   | |   +-- object-assign@4.1.0
22 silly idealTree   | |   +-- read-pkg-up@1.0.1
22 silly idealTree   | |   | +-- find-up@1.1.2
22 silly idealTree   | |   | | +-- path-exists@2.1.0
22 silly idealTree   | |   | | `-- pinkie-promise@2.0.1
22 silly idealTree   | |   | |   `-- pinkie@2.0.4
22 silly idealTree   | |   | `-- read-pkg@1.1.0
22 silly idealTree   | |   |   +-- load-json-file@1.1.0
22 silly idealTree   | |   |   | +-- graceful-fs@4.1.9
22 silly idealTree   | |   |   | +-- parse-json@2.2.0
22 silly idealTree   | |   |   | | `-- error-ex@1.3.0
22 silly idealTree   | |   |   | |   `-- is-arrayish@0.2.1
22 silly idealTree   | |   |   | +-- pify@2.3.0
22 silly idealTree   | |   |   | +-- pinkie-promise@2.0.1
22 silly idealTree   | |   |   | | `-- pinkie@2.0.4
22 silly idealTree   | |   |   | `-- strip-bom@2.0.0
22 silly idealTree   | |   |   |   `-- is-utf8@0.2.1
22 silly idealTree   | |   |   `-- path-type@1.1.0
22 silly idealTree   | |   |     +-- graceful-fs@4.1.9
22 silly idealTree   | |   |     +-- pify@2.3.0
22 silly idealTree   | |   |     `-- pinkie-promise@2.0.1
22 silly idealTree   | |   |       `-- pinkie@2.0.4
22 silly idealTree   | |   +-- redent@1.0.0
22 silly idealTree   | |   | +-- indent-string@2.1.0
22 silly idealTree   | |   | | `-- repeating@2.0.1
22 silly idealTree   | |   | |   `-- is-finite@1.0.2
22 silly idealTree   | |   | |     `-- number-is-nan@1.0.1
22 silly idealTree   | |   | `-- strip-indent@1.0.1
22 silly idealTree   | |   `-- trim-newlines@1.0.0
22 silly idealTree   | +-- fancy-log@1.2.0
22 silly idealTree   | | `-- time-stamp@1.0.1
22 silly idealTree   | +-- gulplog@1.0.0
22 silly idealTree   | | `-- glogg@1.0.0
22 silly idealTree   | |   `-- sparkles@1.0.0
22 silly idealTree   | +-- has-gulplog@0.1.0
22 silly idealTree   | | `-- sparkles@1.0.0
22 silly idealTree   | +-- lodash._reescape@3.0.0
22 silly idealTree   | +-- lodash._reevaluate@3.0.0
22 silly idealTree   | +-- lodash._reinterpolate@3.0.0
22 silly idealTree   | +-- lodash.template@3.6.2
22 silly idealTree   | | +-- lodash._basecopy@3.0.1
22 silly idealTree   | | +-- lodash._basetostring@3.0.1
22 silly idealTree   | | +-- lodash._basevalues@3.0.0
22 silly idealTree   | | +-- lodash._isiterateecall@3.0.9
22 silly idealTree   | | +-- lodash.escape@3.2.0
22 silly idealTree   | | | `-- lodash._root@3.0.1
22 silly idealTree   | | +-- lodash.keys@3.1.2
22 silly idealTree   | | | +-- lodash._getnative@3.9.1
22 silly idealTree   | | | +-- lodash.isarguments@3.1.0
22 silly idealTree   | | | `-- lodash.isarray@3.0.4
22 silly idealTree   | | +-- lodash.restparam@3.6.1
22 silly idealTree   | | `-- lodash.templatesettings@3.1.1
22 silly idealTree   | +-- multipipe@0.1.2
22 silly idealTree   | | `-- duplexer2@0.0.2
22 silly idealTree   | |   `-- readable-stream@1.1.14
22 silly idealTree   | |     +-- core-util-is@1.0.2
22 silly idealTree   | |     +-- inherits@2.0.3
22 silly idealTree   | |     +-- isarray@0.0.1
22 silly idealTree   | |     `-- string_decoder@0.10.31
22 silly idealTree   | +-- object-assign@3.0.0
22 silly idealTree   | +-- replace-ext@0.0.1
22 silly idealTree   | +-- through2@2.0.1
22 silly idealTree   | | +-- readable-stream@2.0.6
22 silly idealTree   | | | +-- core-util-is@1.0.2
22 silly idealTree   | | | +-- inherits@2.0.3
22 silly idealTree   | | | +-- isarray@1.0.0
22 silly idealTree   | | | +-- process-nextick-args@1.0.7
22 silly idealTree   | | | +-- string_decoder@0.10.31
22 silly idealTree   | | | `-- util-deprecate@1.0.2
22 silly idealTree   | | `-- xtend@4.0.1
22 silly idealTree   | `-- vinyl@0.5.3
22 silly idealTree   |   +-- clone-stats@0.0.1
22 silly idealTree   |   `-- clone@1.0.2
22 silly idealTree   +-- interpret@1.0.1
22 silly idealTree   +-- liftoff@2.3.0
22 silly idealTree   | +-- extend@3.0.0
22 silly idealTree   | +-- findup-sync@0.4.2
22 silly idealTree   | | +-- detect-file@0.1.0
22 silly idealTree   | | | `-- fs-exists-sync@0.1.0
22 silly idealTree   | | +-- is-glob@2.0.1
22 silly idealTree   | | | `-- is-extglob@1.0.0
22 silly idealTree   | | +-- micromatch@2.3.11
22 silly idealTree   | | | +-- arr-diff@2.0.0
22 silly idealTree   | | | | `-- arr-flatten@1.0.1
22 silly idealTree   | | | +-- array-unique@0.2.1
22 silly idealTree   | | | +-- braces@1.8.5
22 silly idealTree   | | | | +-- expand-range@1.8.2
22 silly idealTree   | | | | | `-- fill-range@2.2.3
22 silly idealTree   | | | | |   +-- is-number@2.1.0
22 silly idealTree   | | | | |   +-- isobject@2.1.0
22 silly idealTree   | | | | |   | `-- isarray@1.0.0
22 silly idealTree   | | | | |   +-- randomatic@1.1.5
22 silly idealTree   | | | | |   `-- repeat-string@1.5.4
22 silly idealTree   | | | | +-- preserve@0.2.0
22 silly idealTree   | | | | `-- repeat-element@1.1.2
22 silly idealTree   | | | +-- expand-brackets@0.1.5
22 silly idealTree   | | | | `-- is-posix-bracket@0.1.1
22 silly idealTree   | | | +-- extglob@0.3.2
22 silly idealTree   | | | +-- filename-regex@2.0.0
22 silly idealTree   | | | +-- is-extglob@1.0.0
22 silly idealTree   | | | +-- kind-of@3.0.4
22 silly idealTree   | | | | `-- is-buffer@1.1.4
22 silly idealTree   | | | +-- normalize-path@2.0.1
22 silly idealTree   | | | +-- object.omit@2.0.0
22 silly idealTree   | | | | +-- for-own@0.1.4
22 silly idealTree   | | | | | `-- for-in@0.1.6
22 silly idealTree   | | | | `-- is-extendable@0.1.1
22 silly idealTree   | | | +-- parse-glob@3.0.4
22 silly idealTree   | | | | +-- glob-base@0.3.0
22 silly idealTree   | | | | | `-- glob-parent@2.0.0
22 silly idealTree   | | | | `-- is-dotfile@1.0.2
22 silly idealTree   | | | `-- regex-cache@0.4.3
22 silly idealTree   | | |   +-- is-equal-shallow@0.1.3
22 silly idealTree   | | |   `-- is-primitive@2.0.0
22 silly idealTree   | | `-- resolve-dir@0.1.1
22 silly idealTree   | |   +-- expand-tilde@1.2.2
22 silly idealTree   | |   | `-- os-homedir@1.0.2
22 silly idealTree   | |   `-- global-modules@0.2.3
22 silly idealTree   | |     +-- global-prefix@0.1.4
22 silly idealTree   | |     | +-- ini@1.3.4
22 silly idealTree   | |     | +-- osenv@0.1.3
22 silly idealTree   | |     | | +-- os-homedir@1.0.2
22 silly idealTree   | |     | | `-- os-tmpdir@1.0.2
22 silly idealTree   | |     | `-- which@1.2.11
22 silly idealTree   | |     |   `-- isexe@1.1.2
22 silly idealTree   | |     `-- is-windows@0.2.0
22 silly idealTree   | +-- fined@1.0.1
22 silly idealTree   | | +-- expand-tilde@1.2.2
22 silly idealTree   | | | `-- os-homedir@1.0.2
22 silly idealTree   | | +-- lodash.assignwith@4.2.0
22 silly idealTree   | | +-- lodash.isarray@4.0.0
22 silly idealTree   | | +-- lodash.isempty@4.4.0
22 silly idealTree   | | +-- lodash.pick@4.4.0
22 silly idealTree   | | `-- parse-filepath@1.0.1
22 silly idealTree   | |   +-- is-absolute@0.2.5
22 silly idealTree   | |   | +-- is-relative@0.2.1
22 silly idealTree   | |   | | `-- is-unc-path@0.1.1
22 silly idealTree   | |   | |   `-- unc-path-regex@0.1.2
22 silly idealTree   | |   | `-- is-windows@0.1.1
22 silly idealTree   | |   +-- map-cache@0.2.2
22 silly idealTree   | |   `-- path-root@0.1.1
22 silly idealTree   | |     `-- path-root-regex@0.1.2
22 silly idealTree   | +-- flagged-respawn@0.3.2
22 silly idealTree   | +-- lodash.isplainobject@4.0.6
22 silly idealTree   | +-- lodash.isstring@4.0.1
22 silly idealTree   | +-- lodash.mapvalues@4.6.0
22 silly idealTree   | +-- rechoir@0.6.2
22 silly idealTree   | `-- resolve@1.1.7
22 silly idealTree   +-- minimist@1.2.0
22 silly idealTree   +-- orchestrator@0.3.7
22 silly idealTree   | +-- end-of-stream@0.1.5
22 silly idealTree   | | `-- once@1.3.3
22 silly idealTree   | |   `-- wrappy@1.0.2
22 silly idealTree   | +-- sequencify@0.0.7
22 silly idealTree   | `-- stream-consume@0.1.0
22 silly idealTree   +-- pretty-hrtime@1.0.2
22 silly idealTree   +-- semver@4.3.6
22 silly idealTree   +-- tildify@1.2.0
22 silly idealTree   | `-- os-homedir@1.0.2
22 silly idealTree   +-- v8flags@2.0.11
22 silly idealTree   | `-- user-home@1.1.1
22 silly idealTree   `-- vinyl-fs@0.3.14
22 silly idealTree     +-- defaults@1.0.3
22 silly idealTree     | `-- clone@1.0.2
22 silly idealTree     +-- glob-stream@3.1.18
22 silly idealTree     | +-- glob@4.5.3
22 silly idealTree     | | +-- inflight@1.0.5
22 silly idealTree     | | | `-- wrappy@1.0.2
22 silly idealTree     | | +-- inherits@2.0.3
22 silly idealTree     | | `-- once@1.4.0
22 silly idealTree     | |   `-- wrappy@1.0.2
22 silly idealTree     | +-- glob2base@0.0.12
22 silly idealTree     | | `-- find-index@0.1.1
22 silly idealTree     | +-- minimatch@2.0.10
22 silly idealTree     | | `-- brace-expansion@1.1.6
22 silly idealTree     | |   +-- balanced-match@0.4.2
22 silly idealTree     | |   `-- concat-map@0.0.1
22 silly idealTree     | +-- ordered-read-streams@0.1.0
22 silly idealTree     | `-- unique-stream@1.0.0
22 silly idealTree     +-- glob-watcher@0.0.6
22 silly idealTree     | `-- gaze@0.5.2
22 silly idealTree     |   `-- globule@0.1.0
22 silly idealTree     |     +-- glob@3.1.21
22 silly idealTree     |     | +-- graceful-fs@1.2.3
22 silly idealTree     |     | `-- inherits@1.0.2
22 silly idealTree     |     +-- lodash@1.0.2
22 silly idealTree     |     `-- minimatch@0.2.14
22 silly idealTree     |       +-- lru-cache@2.7.3
22 silly idealTree     |       `-- sigmund@1.0.1
22 silly idealTree     +-- graceful-fs@3.0.11
22 silly idealTree     | `-- natives@1.1.0
22 silly idealTree     +-- mkdirp@0.5.1
22 silly idealTree     | `-- minimist@0.0.8
22 silly idealTree     +-- strip-bom@1.0.0
22 silly idealTree     | +-- first-chunk-stream@1.0.0
22 silly idealTree     | `-- is-utf8@0.2.1
22 silly idealTree     +-- through2@0.6.5
22 silly idealTree     | +-- readable-stream@1.0.34
22 silly idealTree     | | +-- core-util-is@1.0.2
22 silly idealTree     | | +-- inherits@2.0.3
22 silly idealTree     | | +-- isarray@0.0.1
22 silly idealTree     | | `-- string_decoder@0.10.31
22 silly idealTree     | `-- xtend@4.0.1
22 silly idealTree     `-- vinyl@0.4.6
22 silly idealTree       +-- clone-stats@0.0.1
22 silly idealTree       `-- clone@0.2.0
23 silly generateActionsToTake Starting
24 silly install generateActionsToTake
25 silly generateActionsToTake Finishing
26 silly diffTrees action count 0
27 silly decomposeActions action count 0
28 silly runTopLevelLifecycles Starting
29 silly install runPreinstallTopLevelLifecycles
30 silly preinstall thinkster_django_angular_boilerplate@1.0.0 C:\Users\Admin\Documents\projektid\django_angular_rest_login\thinkster-django-angular-boilerplate\thinkster_django_angular_boilerplate-d536945b
31 info lifecycle thinkster_django_angular_boilerplate@1.0.0~preinstall: thinkster_django_angular_boilerplate@1.0.0
32 silly lifecycle thinkster_django_angular_boilerplate@1.0.0~preinstall: no script for preinstall, continuing
33 silly executeActions Starting
34 silly install executeActions
35 silly doSerial global-install 0
36 silly doParallel fetch 0
37 verbose correctMkdir C:\Users\Admin\AppData\Roaming\npm-cache\_locks correctMkdir not in flight; initializing
38 verbose lock using C:\Users\Admin\AppData\Roaming\npm-cache\_locks\staging-b381c93c493fb0bb.lock for C:\Users\Admin\Documents\projektid\django_angular_rest_login\thinkster-django-angular-boilerplate\node_modules\.staging
39 silly doParallel extract 0
40 silly doParallel preinstall 0
41 silly doReverseSerial remove 0
42 silly doSerial move 0
43 silly doSerial finalize 0
44 silly doSerial build 0
45 silly doSerial global-link 0
46 silly doParallel update-linked 0
47 silly doSerial install 0
48 silly doSerial postinstall 0
49 verbose unlock done using C:\Users\Admin\AppData\Roaming\npm-cache\_locks\staging-b381c93c493fb0bb.lock for C:\Users\Admin\Documents\projektid\django_angular_rest_login\thinkster-django-angular-boilerplate\node_modules\.staging
50 silly executeActions Finishing
51 silly rollbackFailedOptional Starting
52 silly rollbackFailedOptional Finishing
53 silly install runPostinstallTopLevelLifecycles
54 silly build thinkster_django_angular_boilerplate@1.0.0
55 info linkStuff thinkster_django_angular_boilerplate@1.0.0
56 silly linkStuff thinkster_django_angular_boilerplate@1.0.0 has C:\Users\Admin\Documents\projektid\django_angular_rest_login as its parent node_modules
57 verbose linkBins thinkster_django_angular_boilerplate@1.0.0
58 verbose linkMans thinkster_django_angular_boilerplate@1.0.0
59 silly install thinkster_django_angular_boilerplate@1.0.0 C:\Users\Admin\Documents\projektid\django_angular_rest_login\thinkster-django-angular-boilerplate\thinkster_django_angular_boilerplate-d536945b
60 info lifecycle thinkster_django_angular_boilerplate@1.0.0~install: thinkster_django_angular_boilerplate@1.0.0
61 silly lifecycle thinkster_django_angular_boilerplate@1.0.0~install: no script for install, continuing
62 silly postinstall thinkster_django_angular_boilerplate@1.0.0 C:\Users\Admin\Documents\projektid\django_angular_rest_login\thinkster-django-angular-boilerplate\thinkster_django_angular_boilerplate-d536945b
63 info lifecycle thinkster_django_angular_boilerplate@1.0.0~postinstall: thinkster_django_angular_boilerplate@1.0.0
64 verbose lifecycle thinkster_django_angular_boilerplate@1.0.0~postinstall: unsafe-perm in lifecycle true
65 verbose lifecycle thinkster_django_angular_boilerplate@1.0.0~postinstall: PATH: C:\Users\Admin\AppData\Roaming\npm\node_modules\npm\bin\node-gyp-bin;C:\Users\Admin\Documents\projektid\django_angular_rest_login\thinkster-django-angular-boilerplate\node_modules\.bin;C:\Users\Admin\Documents\projektid\django_angular_rest_login\thinkster_djangular/Scripts;%SystemRoot%\system32\WindowsPowerShell\v1.0\;C:\ProgramData\Oracle\Java\javapath;C:\Program Files (x86)\Intel\iCLS Client\;C:\Program Files\Intel\iCLS Client\;C:\Windows\system32;C:\Windows;C:\Windows\System32\Wbem;C:\Windows\System32\WindowsPowerShell\v1.0\;C:\Program Files\Intel\WiFi\bin\;C:\Program Files\Common Files\Intel\WirelessCommon\;C:\Program Files\ThinkPad\Bluetooth Software\;C:\Program Files\ThinkPad\Bluetooth Software\syswow64;C:\Program Files (x86)\Lenovo\Access Connections\;C:\Program Files\Intel\Intel(R) Management Engine Components\DAL;C:\Program Files (x86)\Intel\Intel(R) Management Engine Components\DAL;C:\Program Files\Intel\Intel(R) Management Engine Components\IPT;C:\Program Files (x86)\Intel\Intel(R) Management Engine Components\IPT;C:\Program Files (x86)\Common Files\lenovo\easyplussdk\bin;C:\Program Files (x86)\Intel\OpenCL SDK\3.0\bin\x86;C:\Program Files (x86)\Intel\OpenCL SDK\3.0\bin\x64;C:\Program Files (x86)\Skype\Phone\;C:\Program Files\Microsoft Windows Performance Toolkit\;C:\Python27\Scripts;C:\Program Files\nodejs\;C:\Program Files\Git\cmd;C:\Program Files\Intel\WiFi\bin\;C:\Program Files\Common Files\Intel\WirelessCommon\;C:\Program Files\PostgreSQL\9.4\bin;C:\Python27\;C:\Users\Admin\AppData\Roaming\npm
66 verbose lifecycle thinkster_django_angular_boilerplate@1.0.0~postinstall: CWD: C:\Users\Admin\Documents\projektid\django_angular_rest_login\thinkster-django-angular-boilerplate
67 silly lifecycle thinkster_django_angular_boilerplate@1.0.0~postinstall: Args: [ '/d /s /c',
67 silly lifecycle   'chmod +x ./scripts/postInstall.sh && ./scripts/postInstall.sh' ]
68 silly lifecycle thinkster_django_angular_boilerplate@1.0.0~postinstall: Returned: code: 1  signal: null
69 info lifecycle thinkster_django_angular_boilerplate@1.0.0~postinstall: Failed to exec postinstall script
70 verbose stack Error: thinkster_django_angular_boilerplate@1.0.0 postinstall: `chmod +x ./scripts/postInstall.sh && ./scripts/postInstall.sh`
70 verbose stack Exit status 1
70 verbose stack     at EventEmitter.<anonymous> (C:\Users\Admin\AppData\Roaming\npm\node_modules\npm\lib\utils\lifecycle.js:255:16)
70 verbose stack     at emitTwo (events.js:87:13)
70 verbose stack     at EventEmitter.emit (events.js:172:7)
70 verbose stack     at ChildProcess.<anonymous> (C:\Users\Admin\AppData\Roaming\npm\node_modules\npm\lib\utils\spawn.js:40:14)
70 verbose stack     at emitTwo (events.js:87:13)
70 verbose stack     at ChildProcess.emit (events.js:172:7)
70 verbose stack     at maybeClose (internal/child_process.js:829:16)
70 verbose stack     at Process.ChildProcess._handle.onexit (internal/child_process.js:211:5)
71 verbose pkgid thinkster_django_angular_boilerplate@1.0.0
72 verbose cwd C:\Users\Admin\Documents\projektid\django_angular_rest_login\thinkster-django-angular-boilerplate
73 error Windows_NT 6.1.7601
74 error argv "C:\\Program Files\\nodejs\\node.exe" "C:\\Users\\Admin\\AppData\\Roaming\\npm\\node_modules\\npm\\bin\\npm-cli.js" "install"
75 error node v4.6.0
76 error npm  v3.10.8
77 error code ELIFECYCLE
78 error thinkster_django_angular_boilerplate@1.0.0 postinstall: `chmod +x ./scripts/postInstall.sh && ./scripts/postInstall.sh`
78 error Exit status 1
79 error Failed at the thinkster_django_angular_boilerplate@1.0.0 postinstall script 'chmod +x ./scripts/postInstall.sh && ./scripts/postInstall.sh'.
79 error Make sure you have the latest version of node.js and npm installed.
79 error If you do, this is most likely a problem with the thinkster_django_angular_boilerplate package,
79 error not with npm itself.
79 error Tell the author that this fails on your system:
79 error     chmod +x ./scripts/postInstall.sh && ./scripts/postInstall.sh
79 error You can get information on how to open an issue for this project with:
79 error     npm bugs thinkster_django_angular_boilerplate
79 error Or if that isn't available, you can get their info via:
79 error     npm owner ls thinkster_django_angular_boilerplate
79 error There is likely additional logging output above.
80 verbose exit [ 1, true ]
